<?xml version="1.0" encoding="UTF-8"?>
<!-- Generated by org.testng.reporters.JUnitReportReporter -->
<testsuite hostname="Amlan-Kumar-B605-MacBook-Air.local" failures="0" tests="1" name="org.geekyants.AndroidAssesment" time="4.641" errors="0" timestamp="2024-04-03T16:11:35 IST" skipped="0">
  <testcase classname="org.geekyants.AndroidAssesment" name="Login" time="4.641"/>
  <system-out/>
</testsuite> <!-- org.geekyants.AndroidAssesment -->
