<?xml version="1.0" encoding="UTF-8"?>
<!-- Generated by org.testng.reporters.JUnitReportReporter -->
<testsuite hostname="Amlan-Kumar-B605-MacBook-Air.local" failures="0" tests="2" name="org.geekyants.eCommerce_tc_2" time="12.961" errors="0" timestamp="2024-01-30T13:28:40 IST" skipped="0">
  <testcase classname="org.geekyants.eCommerce_tc_2" name="fillForm_ErrorValidation" time="1.961"/>
  <system-out/>
  <testcase classname="org.geekyants.eCommerce_tc_2" name="fillForm_HappyFlow" time="11.000"/>
  <system-out/>
</testsuite> <!-- org.geekyants.eCommerce_tc_2 -->
