<?xml version="1.0" encoding="UTF-8"?>
<!-- Generated by org.testng.reporters.JUnitReportReporter -->
<testsuite hostname="Amlan-Kumar-B605-MacBook-Air.local" failures="0" tests="1" name="org.geekyants.IOSBasics" time="14.676" errors="0" timestamp="2024-01-30T16:33:12 IST" skipped="0">
  <testcase classname="org.geekyants.IOSBasics" name="IOSBasicsTest" time="14.676"/>
  <system-out/>
</testsuite> <!-- org.geekyants.IOSBasics -->
